Added Component: Designator=C1(R1206)
Added Component: Designator=C2(R1206)
Added Component: Designator=C3(R1206)
Added Component: Designator=C4(R1206)
Added Component: Designator=C5(R1206)
Added Component: Designator=C6(R1206)
Added Component: Designator=C7(R1206)
Added Component: Designator=C8(R1206)
Added Component: Designator=C9(R1206)
Added Component: Designator=C10(R1206)
Added Component: Designator=C11(R1206)
Added Component: Designator=C12(R1206)
Added Component: Designator=C13(Rc3216)
Added Component: Designator=C14(Rc3216)
Added Component: Designator=C15(R1206)
Added Component: Designator=C16(R1206)
Added Component: Designator=C17(R1206)
Added Component: Designator=C18(R1206)
Added Component: Designator=C19(R1206)
Added Component: Designator=C20(R1206)
Added Component: Designator=C21(R1206)
Added Component: Designator=C22(R1206)
Added Component: Designator=C23(R1206)
Added Component: Designator=C24(R1206)
Added Component: Designator=DD1(AOZ1073)
Added Component: Designator=DD2(ADM3485)
Added Component: Designator=DD3(STM32F4xx)
Added Component: Designator=L1(R1206)
Added Component: Designator=L2(R1206)
Added Component: Designator=R1(R1206)
Added Component: Designator=R2(R1206)
Added Component: Designator=R3(R1206)
Added Component: Designator=R4(R1206)
Added Component: Designator=R5(R1206)
Added Component: Designator=R6(R1206)
Added Component: Designator=R7(R1206)
Added Component: Designator=R8(R1206)
Added Component: Designator=R9(R1206)
Added Component: Designator=R10(R1206)
Added Component: Designator=R11(R1206)
Added Component: Designator=R12(R1206)
Added Component: Designator=R13(R1206)
Added Component: Designator=R14(R1206)
Added Component: Designator=SB1(RESET_BUTTON)
Added Component: Designator=X1(DG301)
Added Component: Designator=X2(PLS4)
Added Component: Designator=X3(DG301 - 3)
Added Component: Designator=X4(PBS7)
Added Component: Designator=X5(XH2.54 5p)
Added Component: Designator=ZQ1(HC-49SM)
Added Pin To Net: NetName=3.3V Pin=C1-2
Added Pin To Net: NetName=3.3V Pin=C2-2
Added Pin To Net: NetName=3.3V Pin=C4-2
Added Pin To Net: NetName=3.3V Pin=C5-2
Added Pin To Net: NetName=3.3V Pin=C6-2
Added Pin To Net: NetName=3.3V Pin=C7-2
Added Pin To Net: NetName=3.3V Pin=C9-2
Added Pin To Net: NetName=3.3V Pin=C12-2
Added Pin To Net: NetName=3.3V Pin=C15-2
Added Pin To Net: NetName=3.3V Pin=C17-2
Added Pin To Net: NetName=3.3V Pin=C18-2
Added Pin To Net: NetName=3.3V Pin=DD3-11
Added Pin To Net: NetName=3.3V Pin=DD3-19
Added Pin To Net: NetName=3.3V Pin=DD3-28
Added Pin To Net: NetName=3.3V Pin=DD3-50
Added Pin To Net: NetName=3.3V Pin=DD3-75
Added Pin To Net: NetName=3.3V Pin=DD3-100
Added Pin To Net: NetName=3.3V Pin=L1-1
Added Pin To Net: NetName=3.3V Pin=L2-2
Added Pin To Net: NetName=3.3V Pin=R3-1
Added Pin To Net: NetName=3.3V Pin=R4-2
Added Pin To Net: NetName=3.3V Pin=R6-2
Added Pin To Net: NetName=3.3V Pin=R8-2
Added Pin To Net: NetName=3.3V Pin=R11-2
Added Pin To Net: NetName=3.3V Pin=R13-1
Added Pin To Net: NetName=3.3V Pin=X2-1
Added Pin To Net: NetName=3.3V Pin=X4-6
Added Net: Name=3.3V
Added Pin To Net: NetName=AUX Pin=DD3-63
Added Pin To Net: NetName=AUX Pin=X4-5
Added Net: Name=AUX
Added Pin To Net: NetName=BOOT0 Pin=DD3-94
Added Pin To Net: NetName=BOOT0 Pin=R11-1
Added Pin To Net: NetName=BOOT0 Pin=R12-1
Added Net: Name=BOOT0
Added Pin To Net: NetName=BOOT1 Pin=DD3-37
Added Pin To Net: NetName=BOOT1 Pin=R13-2
Added Pin To Net: NetName=BOOT1 Pin=R14-1
Added Net: Name=BOOT1
Added Pin To Net: NetName=CC Pin=DD3-16
Added Pin To Net: NetName=CC Pin=X5-1
Added Net: Name=CC
Added Pin To Net: NetName=DI Pin=DD2-4
Added Pin To Net: NetName=DI Pin=DD3-92
Added Net: Name=DI
Added Pin To Net: NetName=GND Pin=C1-1
Added Pin To Net: NetName=GND Pin=C2-1
Added Pin To Net: NetName=GND Pin=C3-1
Added Pin To Net: NetName=GND Pin=C4-1
Added Pin To Net: NetName=GND Pin=C5-1
Added Pin To Net: NetName=GND Pin=C6-1
Added Pin To Net: NetName=GND Pin=C7-1
Added Pin To Net: NetName=GND Pin=C8-1
Added Pin To Net: NetName=GND Pin=C9-1
Added Pin To Net: NetName=GND Pin=C10-1
Added Pin To Net: NetName=GND Pin=C11-2
Added Pin To Net: NetName=GND Pin=C12-1
Added Pin To Net: NetName=GND Pin=C13-2
Added Pin To Net: NetName=GND Pin=C14-2
Added Pin To Net: NetName=GND Pin=C15-1
Added Pin To Net: NetName=GND Pin=C16-1
Added Pin To Net: NetName=GND Pin=C17-1
Added Pin To Net: NetName=GND Pin=C18-1
Added Pin To Net: NetName=GND Pin=C19-1
Added Pin To Net: NetName=GND Pin=C20-1
Added Pin To Net: NetName=GND Pin=C21-2
Added Pin To Net: NetName=GND Pin=C22-1
Added Pin To Net: NetName=GND Pin=C23-1
Added Pin To Net: NetName=GND Pin=C24-2
Added Pin To Net: NetName=GND Pin=DD1-1
Added Pin To Net: NetName=GND Pin=DD1-3
Added Pin To Net: NetName=GND Pin=DD2-5
Added Pin To Net: NetName=GND Pin=DD3-10
Added Pin To Net: NetName=GND Pin=DD3-20
Added Pin To Net: NetName=GND Pin=DD3-27
Added Pin To Net: NetName=GND Pin=DD3-74
Added Pin To Net: NetName=GND Pin=DD3-99
Added Pin To Net: NetName=GND Pin=R5-1
Added Pin To Net: NetName=GND Pin=R7-1
Added Pin To Net: NetName=GND Pin=R12-2
Added Pin To Net: NetName=GND Pin=R14-2
Added Pin To Net: NetName=GND Pin=SB1-2
Added Pin To Net: NetName=GND Pin=X1-2
Added Pin To Net: NetName=GND Pin=X2-4
Added Pin To Net: NetName=GND Pin=X3-3
Added Pin To Net: NetName=GND Pin=X4-7
Added Pin To Net: NetName=GND Pin=X5-5
Added Net: Name=GND
Added Pin To Net: NetName=M0 Pin=DD3-32
Added Pin To Net: NetName=M0 Pin=X4-1
Added Net: Name=M0
Added Pin To Net: NetName=M1 Pin=DD3-91
Added Pin To Net: NetName=M1 Pin=X4-2
Added Net: Name=M1
Added Pin To Net: NetName=MISO Pin=DD3-53
Added Pin To Net: NetName=MISO Pin=X5-2
Added Net: Name=MISO
Added Pin To Net: NetName=MOSI Pin=DD3-54
Added Pin To Net: NetName=MOSI Pin=X5-3
Added Net: Name=MOSI
Added Pin To Net: NetName=NetC3_2 Pin=C3-2
Added Pin To Net: NetName=NetC3_2 Pin=DD1-2
Added Pin To Net: NetName=NetC3_2 Pin=DD1-6
Added Pin To Net: NetName=NetC3_2 Pin=X1-1
Added Net: Name=NetC3_2
Added Pin To Net: NetName=NetC8_2 Pin=C8-2
Added Pin To Net: NetName=NetC8_2 Pin=R2-1
Added Net: Name=NetC8_2
Added Pin To Net: NetName=NetC19_2 Pin=C19-2
Added Pin To Net: NetName=NetC19_2 Pin=R10-1
Added Pin To Net: NetName=NetC19_2 Pin=ZQ1-2
Added Net: Name=NetC19_2
Added Pin To Net: NetName=NetC20_2 Pin=C20-2
Added Pin To Net: NetName=NetC20_2 Pin=R9-1
Added Pin To Net: NetName=NetC20_2 Pin=ZQ1-1
Added Net: Name=NetC20_2
Added Pin To Net: NetName=NetC21_1 Pin=C21-1
Added Pin To Net: NetName=NetC21_1 Pin=DD2-8
Added Net: Name=NetC21_1
Added Pin To Net: NetName=NetC23_2 Pin=C23-2
Added Pin To Net: NetName=NetC23_2 Pin=DD3-49
Added Net: Name=NetC23_2
Added Pin To Net: NetName=NetC24_1 Pin=C24-1
Added Pin To Net: NetName=NetC24_1 Pin=DD3-73
Added Net: Name=NetC24_1
Added Pin To Net: NetName=NetDD1_4 Pin=DD1-4
Added Pin To Net: NetName=NetDD1_4 Pin=R4-1
Added Pin To Net: NetName=NetDD1_4 Pin=R5-2
Added Net: Name=NetDD1_4
Added Pin To Net: NetName=NetDD1_5 Pin=DD1-5
Added Pin To Net: NetName=NetDD1_5 Pin=R2-2
Added Net: Name=NetDD1_5
Added Pin To Net: NetName=NetDD1_7 Pin=DD1-7
Added Pin To Net: NetName=NetDD1_7 Pin=DD1-8
Added Pin To Net: NetName=NetDD1_7 Pin=L2-1
Added Net: Name=NetDD1_7
Added Pin To Net: NetName=NetDD2_6 Pin=DD2-6
Added Pin To Net: NetName=NetDD2_6 Pin=X3-2
Added Net: Name=NetDD2_6
Added Pin To Net: NetName=NetDD2_7 Pin=DD2-7
Added Pin To Net: NetName=NetDD2_7 Pin=X3-1
Added Net: Name=NetDD2_7
Added Pin To Net: NetName=NetDD3_12 Pin=DD3-12
Added Pin To Net: NetName=NetDD3_12 Pin=R10-2
Added Net: Name=NetDD3_12
Added Pin To Net: NetName=NetDD3_13 Pin=DD3-13
Added Pin To Net: NetName=NetDD3_13 Pin=R9-2
Added Net: Name=NetDD3_13
Added Pin To Net: NetName=NRST Pin=C22-2
Added Pin To Net: NetName=NRST Pin=DD3-14
Added Pin To Net: NetName=NRST Pin=R8-1
Added Pin To Net: NetName=NRST Pin=SB1-1
Added Net: Name=NRST
Added Pin To Net: NetName=RE/DE Pin=DD2-2
Added Pin To Net: NetName=RE/DE Pin=DD2-3
Added Pin To Net: NetName=RE/DE Pin=DD3-96
Added Net: Name=RE/DE
Added Pin To Net: NetName=RO Pin=DD2-1
Added Pin To Net: NetName=RO Pin=DD3-93
Added Net: Name=RO
Added Pin To Net: NetName=RXD Pin=DD3-68
Added Pin To Net: NetName=RXD Pin=X4-3
Added Net: Name=RXD
Added Pin To Net: NetName=SCLK Pin=DD3-52
Added Pin To Net: NetName=SCLK Pin=X5-4
Added Net: Name=SCLK
Added Pin To Net: NetName=SWCLK Pin=DD3-76
Added Pin To Net: NetName=SWCLK Pin=R6-1
Added Pin To Net: NetName=SWCLK Pin=X2-2
Added Net: Name=SWCLK
Added Pin To Net: NetName=SWDIO Pin=DD3-72
Added Pin To Net: NetName=SWDIO Pin=R7-2
Added Pin To Net: NetName=SWDIO Pin=X2-3
Added Net: Name=SWDIO
Added Pin To Net: NetName=TXD Pin=DD3-69
Added Pin To Net: NetName=TXD Pin=X4-4
Added Net: Name=TXD
Added Pin To Net: NetName=VBAT Pin=C16-2
Added Pin To Net: NetName=VBAT Pin=DD3-6
Added Pin To Net: NetName=VBAT Pin=R3-2
Added Net: Name=VBAT
Added Pin To Net: NetName=VDDA Pin=C11-1
Added Pin To Net: NetName=VDDA Pin=C14-1
Added Pin To Net: NetName=VDDA Pin=DD3-22
Added Pin To Net: NetName=VDDA Pin=L1-2
Added Pin To Net: NetName=VDDA Pin=R1-1
Added Net: Name=VDDA
Added Pin To Net: NetName=VREF+ Pin=C10-2
Added Pin To Net: NetName=VREF+ Pin=C13-1
Added Pin To Net: NetName=VREF+ Pin=DD3-21
Added Pin To Net: NetName=VREF+ Pin=R1-2
Added Net: Name=VREF+
Added Class: Name=Sheet2
Added Room: Name=Sheet2
